node   1  (   0,    0) (   4,    3) (   5,    4) (   3,    3) (   1,    3) (   1,    3) (   1,    2) (   1,    0) (   1,    1) (   1,    0)
          (   1,    1) (   1,    2) (   1,    0) (   1,    0) (   1,    1) (   1,    0) (   1,    0) (   1,    1) (   1,    1) (   1,    3)
          (   1,    2) (   1,    1) (   1,    2) (   1,    1) (   1,    2) (   1,    2) (   1,    3) (   1,    4) (   1,    1) (   1,    1)
          (   1,    1) (   1,    1) (   1,    1) (   1,    1) (   1,    1) (   1,    1) (   1,    1) (   1,    1) (   1,    0) (   1,    0)
          (   1,    2) (   1,    1) (   1,    1) (   1,    2) (   1,    1) (   1,    0) (   1,    1) (   1,    0) (   1,    2) (   1,    0)
          (   1,    2) (   1,    0) (   1,    0) (   1,    1) (   1,    4) (   1,    0) (   1,    0) (   1,    1) (   1,    3) (   1,    3)
          (   1,    3) (   1,    1) (   1,    1) (   0,    1) (   1,    1) (   1,    1) (   1,    1) (   1,    1) (   1,    0) (   1,    1)
          (   1,    0) (   1,    2) (   1,    0) (   1,    1) (   1,    0) (   1,    3) (   1,    1) (   1,    1) (   1,    1) (   1,    1)
          (   1,    1) (   1,    2) (   1,    0) (   0,    0) (   1,    3) (   1,    0) (   1,    1) (   1,    2) (   1,    2) (   1,    1)
          (   1,    1) (   1,    1) (   1,    2) (   1,    4) (   1,    0) (   1,    2) (   1,    2) (   1,    2) (   1,    2) (   1,    0)
          (   1,    0) (   1,    1) (   1,    0) (   1,    2) (   1,    1) (   1,    1) (   1,    0) (   1,    0) (   1,    0) (   1,    2)
          (   1,    0) (   1,    2) (   1,    3) (   1,    0) (   1,    0) (   1,    0) (   0,    2) (   1,    1) (   1,    2) (   1,    1)
          (   1,    1) (   0,    0) (   1,    0) (   1,    3) (   1,    1) (   1,    2) (   1,    0) (   1,    0) (   1,    4) (   1,    0)
          (   1,    1) (   1,    1) (   1,    0) (   1,    1) (   0,    1) (   1,    0) (   1,    0) (   1,    5) (   1,    1) (   1,    0)
          (   1,    0) (   1,    0) (   1,    0) (   1,    1) (   1,    0) (   1,    0) (   1,    0) (   1,    2) (   1,    0) (   1,    1)
          (   1,    4) (   1,    1) (   1,    1) (   1,    0) (   1,    2) (   1,    0) (   1,    2) (   1,    1) (   1,    0) (   1,    1)
          (   1,    2) (   1,    1) (   1,    0) (   1,    3) (   0,    2) (   1,    0) (   1,    0) (   1,    2) (   1,    1) (   1,    1)
          (   1,    1) (   1,    1) (   1,    0) (   1,    1) (   1,    1) (   1,    2) (   1,    0) (   1,    1) (   1,    0) (   1,    3)
          (   1,    0) (   1,    0) (   1,    0) (   1,    2) (   1,    0) (   0,    0) (   1,    1) (   1,    1) (   1,    0) (   1,    1)
          (   1,    1) (   0,    1) (   1,    2) (   1,    2) (   1,    2) (   1,    0) (   1,    1) (   1,    0) (   1,    0) (   1,    2)
          (   1,    0) (   1,    1) (   1,    3) (   1,    0) (   1,    3) (   1,    1) (   1,    0) (   0,    0) (   1,    4) (   1,    0)
          (   1,    2) (   1,    0) (   1,    2) (   1,    1) (   1,    2) (   1,    0) (   1,    1) (   1,    2) (   1,    1) (   1,    2)
          (   1,    1) (   1,    2) (   1,    2) (   1,    1) (   1,    0) (   1,    0) (   1,    2) (   1,    0) (   1,    1) (   1,    2)
          (   0,    1) (   1,    2) (   1,    1) (   1,    2) (   1,    0) (   1,    0) (   1,    0) (   1,    0) (   1,    2) (   1,    0)
          (   1,    1) (   1,    0) (   1,    1) (   1,    1) (   1,    0) (   0,    0) (   1,    0) (   1,    1) (   1,    0) (   1,    2)
          (   1,    0) (   1,    2) (   1,    2) (   1,    0) (   1,    2) (   1,    1) (   1,    0) (   1,    0) (   1,    0) (   1,    0)
          (   1,    1) (   1,    3) (   1,    1) (   1,    0) (   1,    1) (   1,    0) (   1,    0) (   0,    0) (   0,    1) (   1,    1)
          (   1,    1) (   1,    1) (   1,    0) (   1,    1) (   0,    0) (   1,    0) (   1,    2) (   1,    2) (   0,    0) (   1,    1)
          (   1,    0) (   1,    0) (   1,    3) (   1,    0) (   1,    1) (   1,    0) (   1,    1) (   1,    0) (   1,    1) (   1,    3)
          (   1,    0) (   1,    2) (   1,    0) (   0,    2) (   1,    1) (   1,    0) (   1,    1) (   1,    1) (   1,    1) (   1,    1)
          (   0,    1) (   1,    0) (   1,    1) (   1,    1) (   1,    1) (   1,    1) (   1,    0) (   1,    0) (   1,    1) (   1,    0)
          (   1,    1) (   1,    1) (   1,    1) (   1,    0) (   1,    0) (   1,    1) (   1,    1) (   1,    1) (   1,    2) (   1,    2)
          (   1,    1) (   1,    0) (   1,    1) (   1,    3) (   1,    1) (   1,    2) (   1,    2) (   1,    0) (   1,    1) (   1,    0)
          (   1,    1) (   1,    1) (   1,    0) (   1,    0) (   1,    1) (   1,    2) (   1,    0) (   1,    0) (   1,    0) (   1,    1)
          (   1,    0) (   1,    0) (   1,    0) (   1,    1) (   1,    1) (   1,    2) (   1,    1) (   1,    2) (   1,    3) (   1,    1)
          (   1,    1) (   1,    1) (   1,    1) (   1,    1) (   1,    0) (   1,    0) (   1,    0) (   1,    1) (   1,    1) (   1,    0)
          (   1,    2) (   1,    1) (   1,    2) (   1,    2) (   1,    1) (   1,    1) (   1,    2) (   1,    0) (   1,    1) (   1,    0)
          (   1,    0) (   1,    1) (   1,    2) (   1,    0) (   1,    1) (   1,    1) (   1,    1) (   1,    0) (   1,    1) (   1,    0)
          (   1,    0) (   1,    1) (   1,    1) (   1,    2) (   1,    1) (   1,    1) (   1,    2) (   1,    2) (   1,    2) (   1,    1)
          (   1,    1) (   1,    0) (   1,    3) (   1,    1) (   1,    1) (   1,    0) (   1,    1) (   1,    0) (   1,    0) (   1,    0)
          (   1,    0) (   1,    0) (   1,    1) (   1,    1) (   1,    0) (   1,    2) (   1,    2) (   1,    1) (   1,    0) (   1,    1)
          (   1,    0) (   1,    1) (   1,    1) (   1,    2) (   1,    0) (   1,    0) (   1,    2) (   1,    2) (   1,    4) (   1,    1)
          (   1,    0) (   1,    1) (   1,    0) (   1,    2) (   1,    1) (   1,    0) (   1,    1) (   1,    2) (   1,    2) (   1,    1)
          (   1,    0) (   1,    3) (   1,    1) (   1,    0) (   1,    2) (   1,    1) (   1,    1) (   1,    1) (   1,    1) (   1,    1)
          (   1,    1) (   1,    1) (   1,    3) (   1,    0) (   1,    1) (   1,    0) (   1,    0) (   1,    3) (   1,    0) (   1,    0)
          (   1,    2) (   1,    0) (   1,    0) (   1,    1) (   1,    1) (   1,    2) (   1,    0) (   1,    0) (   1,    1) (   1,    2)
          (   1,    1) (   1,    2) (   1,    1) (   1,    1) (   1,    2) (   1,    2) (   1,    1) (   1,    3) (   1,    1) (   1,    0)
          (   1,    2) (   1,    3) (   1,    3) (   1,    0) (   1,    0) (   1,    1) (   1,    1) (   1,    0) (   1,    0) (   1,    0)
          (   1,    1) (   1,    0) (   1,    0) (   1,    3) (   1,    0) (   1,    1) (   1,    0) (   1,    1) (   1,    1) (   1,    0)
          (   1,    0) (   1,    0) (   1,    1) (   1,    0) (   1,    0) (   1,    1) (   1,    2) (   1,    2) (   1,    1) (   1,    0)
         
node   1 sent_total    491  recv_total    499

node   2  (   1,    0) (   0,    0) (   1,    1) (   1,    0) (   1,    0) (   1,    1) (   1,    1) (   1,    3) (   1,    0) (   1,    2)
          (   1,    1) (   1,    0) (   1,    0) (   1,    2) (   1,    1) (   1,    2) (   1,    1) (   1,    0) (   1,    0) (   1,    0)
          (   1,    1) (   1,    0) (   1,    2) (   1,    2) (   1,    0) (   1,    1) (   1,    0) (   1,    1) (   1,    0) (   1,    0)
          (   1,    1) (   1,    1) (   1,    1) (   1,    0) (   1,    2) (   1,    2) (   1,    0) (   1,    0) (   1,    0) (   1,    2)
          (   1,    1) (   1,    1) (   1,    1) (   1,    0) (   1,    1) (   1,    2) (   1,    0) (   1,    0) (   1,    0) (   1,    0)
          (   1,    1) (   1,    1) (   1,    1) (   1,    0) (   1,    0) (   1,    1) (   0,    0) (   1,    0) (   1,    1) (   1,    2)
          (   1,    2) (   1,    0) (   1,    2) (   1,    0) (   1,    0) (   1,    1) (   1,    1) (   1,    0) (   1,    1) (   1,    2)
          (   1,    2) (   1,    0) (   1,    1) (   1,    2) (   1,    1) (   1,    1) (   0,    0) (   0,    1) (   1,    0) (   1,    0)
          (   1,    0) (   1,    1) (   1,    0) (   1,    1) (   1,    0) (   1,    1) (   1,    1) (   0,    1) (   1,    0) (   1,    0)
          (   1,    1) (   1,    0) (   1,    1) (   1,    0) (   1,    1) (   1,    3) (   1,    3) (   1,    1) (   1,    2) (   1,    1)
          (   1,    0) (   1,    1) (   1,    1) (   1,    0) (   1,    0) (   1,    2) (   1,    0) (   1,    2) (   1,    0) (   0,    1)
          (   1,    0) (   1,    0) (   1,    1) (   1,    2) (   1,    2) (   1,    1) (   1,    3) (   1,    1) (   1,    1) (   1,    0)
          (   1,    1) (   1,    2) (   1,    2) (   0,    0) (   1,    1) (   0,    2) (   1,    0) (   1,    0) (   1,    2) (   0,    1)
          (   1,    1) (   1,    0) (   1,    1) (   1,    1) (   1,    1) (   1,    1) (   1,    1) (   1,    0) (   1,    2) (   0,    0)
          (   1,    0) (   1,    0) (   1,    1) (   1,    1) (   0,    0) (   1,    2) (   1,    1) (   1,    1) (   1,    2) (   1,    3)
          (   1,    0) (   1,    0) (   0,    1) (   1,    0) (   1,    1) (   1,    1) (   1,    1) (   1,    0) (   1,    2) (   1,    1)
          (   1,    0) (   1,    0) (   1,    3) (   1,    1) (   1,    1) (   1,    1) (   1,    0) (   1,    0) (   1,    2) (   1,    1)
          (   0,    1) (   1,    1) (   1,    1) (   1,    0) (   1,    1) (   1,    0) (   0,    0) (   1,    0) (   1,    0) (   0,    1)
          (   1,    0) (   1,    2) (   1,    1) (   1,    1) (   1,    0) (   1,    1) (   1,    1) (   1,    1) (   0,    1) (   1,    0)
          (   1,    1) (   0,    1) (   1,    1) (   1,    2) (   1,    1) (   1,    1) (   1,    0) (   1,    1) (   1,    1) (   1,    0)
          (   1,    0) (   1,    0) (   1,    0) (   1,    1) (   1,    1) (   1,    0) (   1,    0) (   1,    1) (   1,    1) (   1,    0)
          (   1,    3) (   1,    1) (   1,    1) (   1,    0) (   1,    1) (   1,    1) (   1,    0) (   1,    0) (   1,    0) (   1,    1)
          (   1,    0) (   1,    0) (   1,    0) (   0,    0) (   1,    1) (   1,    1) (   1,    2) (   1,    0) (   1,    1) (   0,    0)
          (   1,    2) (   1,    1) (   1,    0) (   1,    1) (   1,    0) (   1,    2) (   1,    1) (   1,    1) (   1,    1) (   1,    3)
          (   1,    0) (   1,    0) (   1,    1) (   0,    1) (   1,    1) (   0,    2) (   1,    0) (   1,    0) (   1,    1) (   1,    2)
          (   1,    3) (   1,    3) (   1,    0) (   0,    1) (   1,    0) (   1,    0) (   1,    1) (   1,    0) (   1,    3) (   1,    0)
          (   1,    1) (   1,    0) (   1,    1) (   1,    1) (   1,    2) (   1,    1) (   1,    2) (   1,    0) (   1,    2) (   1,    1)
          (   0,    3) (   1,    0) (   1,    1) (   1,    2) (   1,    0) (   1,    3) (   1,    1) (   1,    0) (   1,    0) (   1,    1)
          (   1,    2) (   1,    2) (   1,    0) (   1,    1) (   0,    2) (   1,    1) (   0,    0) (   1,    0) (   1,    2) (   1,    2)
          (   1,    3) (   1,    0) (   1,    1) (   1,    2) (   1,    0) (   0,    3) (   1,    0) (   1,    0) (   1,    3) (   1,    2)
          (   1,    0) (   1,    0) (   1,    2) (   1,    0) (   1,    0) (   1,    1) (   1,    1) (   1,    1) (   1,    0) (   1,    0)
          (   1,    0) (   1,    1) (   1,    2) (   1,    1) (   1,    1) (   1,    0) (   1,    1) (   1,    0) (   1,    1) (   1,    0)
          (   1,    1) (   1,    2) (   1,    1) (   1,    1) (   1,    0) (   1,    0) (   1,    0) (   1,    2) (   1,    1) (   1,    1)
          (   1,    1) (   1,    1) (   1,    0) (   1,    0) (   1,    1) (   1,    2) (   1,    2) (   1,    0) (   1,    0) (   1,    1)
          (   1,    0) (   1,    1) (   1,    0) (   1,    2) (   1,    0) (   1,    0) (   1,    3) (   1,    0) (   1,    2) (   1,    2)
          (   1,    2) (   1,    2) (   1,    1) (   1,    2) (   1,    1) (   1,    1) (   1,    1) (   1,    2) (   1,    2) (   1,    0)
          (   1,    3) (   1,    4) (   1,    0) (   1,    0) (   1,    2) (   1,    1) (   1,    0) (   1,    2) (   1,    1) (   1,    3)
          (   1,    1) (   1,    0) (   1,    2) (   1,    1) (   1,    2) (   1,    2) (   1,    1) (   1,    1) (   1,    2) (   1,    1)
          (   1,    1) (   1,    0) (   1,    1) (   1,    0) (   1,    2) (   1,    0) (   1,    0) (   1,    2) (   1,    1) (   1,    2)
          (   1,    1) (   1,    2) (   1,    1) (   1,    0) (   1,    1) (   1,    0) (   1,    1) (   1,    0) (   1,    2) (   1,    2)
          (   1,    1) (   1,    1) (   1,    3) (   1,    1) (   1,    1) (   1,    1) (   1,    2) (   1,    0) (   1,    2) (   1,    2)
          (   1,    1) (   1,    0) (   1,    0) (   1,    1) (   1,    3) (   1,    5) (   1,    1) (   1,    0) (   1,    1) (   1,    1)
          (   1,    2) (   1,    0) (   1,    0) (   1,    0) (   1,    1) (   1,    1) (   1,    2) (   1,    0) (   1,    0) (   1,    2)
          (   1,    0) (   1,    0) (   1,    0) (   1,    0) (   1,    2) (   1,    1) (   1,    1) (   1,    1) (   1,    0) (   1,    1)
          (   1,    0) (   1,    0) (   1,    0) (   1,    4) (   1,    1) (   1,    2) (   1,    0) (   1,    0) (   1,    1) (   1,    0)
          (   1,    1) (   1,    1) (   1,    0) (   1,    0) (   1,    0) (   1,    1) (   1,    0) (   1,    1) (   1,    2) (   1,    0)
          (   1,    0) (   1,    1) (   1,    1) (   1,    0) (   1,    2) (   1,    0) (   1,    2) (   1,    0) (   1,    0) (   1,    0)
          (   1,    0) (   1,    1) (   1,    0) (   1,    2) (   1,    0) (   1,    0) (   1,    1) (   1,    2) (   1,    1) (   1,    1)
          (   1,    2) (   1,    2) (   1,    0) (   1,    0) (   1,    2) (   1,    0) (   1,    2) (   1,    1) (   1,    0) (   1,    0)
          (   1,    1) (   1,    0) (   1,    2) (   1,    1) (   1,    0) (   1,    2) (   1,    1) (   1,    0) (   1,    1) (   1,    0)
         
node   2 sent_total    474  recv_total    448

node   3  (   1,    0) (   0,    0) (   1,    2) (   1,    0) (   1,    0) (   1,    2) (   1,    1) (   1,    0) (   1,    1) (   1,    2)
          (   1,    1) (   1,    1) (   1,    2) (   1,    0) (   1,    2) (   1,    1) (   1,    1) (   1,    1) (   1,    0) (   1,    0)
          (   1,    0) (   1,    1) (   1,    2) (   1,    0) (   1,    0) (   1,    3) (   1,    2) (   1,    1) (   1,    0) (   1,    2)
          (   1,    2) (   1,    1) (   1,    0) (   1,    0) (   1,    0) (   1,    2) (   1,    1) (   1,    2) (   1,    1) (   1,    2)
          (   1,    0) (   1,    1) (   1,    2) (   1,    1) (   1,    0) (   1,    1) (   1,    1) (   1,    2) (   1,    0) (   1,    1)
          (   1,    0) (   1,    2) (   1,    1) (   1,    1) (   1,    2) (   1,    0) (   1,    1) (   1,    2) (   1,    2) (   1,    0)
          (   1,    1) (   1,    0) (   1,    0) (   1,    3) (   1,    2) (   0,    1) (   1,    1) (   0,    1) (   1,    1) (   1,    1)
          (   0,    3) (   0,    0) (   1,    1) (   1,    2) (   1,    1) (   1,    0) (   0,    0) (   1,    2) (   1,    3) (   1,    0)
          (   1,    0) (   1,    2) (   1,    2) (   1,    1) (   1,    0) (   1,    1) (   1,    1) (   1,    1) (   1,    3) (   1,    1)
          (   1,    0) (   1,    1) (   1,    0) (   1,    0) (   1,    1) (   1,    3) (   1,    2) (   1,    1) (   1,    1) (   1,    3)
          (   0,    0) (   1,    1) (   1,    1) (   0,    0) (   1,    0) (   1,    0) (   1,    2) (   1,    0) (   0,    1) (   1,    0)
          (   1,    1) (   1,    1) (   1,    2) (   1,    0) (   0,    3) (   1,    1) (   1,    0) (   1,    0) (   1,    2) (   1,    0)
          (   1,    0) (   1,    0) (   1,    1) (   1,    0) (   1,    0) (   1,    0) (   1,    2) (   1,    2) (   1,    0) (   1,    1)
          (   1,    1) (   1,    1) (   1,    1) (   0,    0) (   1,    1) (   1,    1) (   1,    0) (   1,    1) (   1,    0) (   1,    2)
          (   1,    2) (   1,    1) (   1,    0) (   1,    2) (   1,    3) (   1,    0) (   1,    0) (   1,    3) (   1,    1) (   1,    1)
          (   1,    1) (   1,    0) (   1,    0) (   1,    0) (   1,    1) (   0,    1) (   1,    0) (   1,    2) (   1,    1) (   1,    1)
          (   1,    1) (   1,    1) (   1,    2) (   1,    1) (   1,    1) (   1,    1) (   1,    1) (   1,    0) (   1,    3) (   1,    1)
          (   1,    1) (   1,    0) (   1,    1) (   1,    0) (   1,    1) (   1,    0) (   1,    3) (   1,    0) (   1,    0) (   1,    0)
          (   1,    1) (   1,    0) (   1,    1) (   1,    1) (   1,    0) (   1,    1) (   1,    0) (   1,    2) (   0,    1) (   1,    1)
          (   1,    0) (   1,    0) (   1,    2) (   1,    0) (   1,    1) (   0,    1) (   1,    1) (   1,    1) (   1,    0) (   0,    1)
          (   1,    0) (   1,    1) (   1,    1) (   1,    0) (   0,    0) (   1,    1) (   1,    0) (   1,    1) (   1,    0) (   1,    1)
          (   1,    0) (   1,    0) (   1,    0) (   1,    1) (   1,    0) (   1,    0) (   1,    2) (   1,    0) (   1,    4) (   1,    1)
          (   1,    0) (   1,    1) (   1,    1) (   1,    1) (   1,    1) (   1,    0) (   1,    0) (   1,    1) (   1,    0) (   1,    3)
          (   1,    0) (   1,    0) (   1,    1) (   1,    2) (   1,    1) (   0,    0) (   1,    1) (   1,    1) (   1,    1) (   1,    1)
          (   1,    0) (   1,    1) (   1,    1) (   1,    1) (   1,    1) (   1,    2) (   1,    1) (   0,    2) (   0,    1) (   1,    1)
          (   1,    2) (   1,    0) (   1,    1) (   1,    2) (   1,    1) (   1,    2) (   1,    1) (   1,    2) (   1,    2) (   1,    1)
          (   1,    1) (   1,    1) (   1,    1) (   1,    0) (   1,    0) (   1,    2) (   1,    0) (   1,    2) (   1,    1) (   1,    1)
          (   0,    0) (   1,    1) (   1,    1) (   1,    1) (   1,    1) (   1,    0) (   1,    0) (   1,    1) (   1,    1) (   1,    3)
          (   1,    3) (   1,    2) (   1,    0) (   1,    2) (   1,    0) (   1,    2) (   1,    0) (   1,    1) (   1,    1) (   1,    1)
          (   1,    1) (   1,    0) (   1,    2) (   1,    3) (   1,    0) (   1,    0) (   1,    0) (   1,    1) (   1,    1) (   1,    0)
          (   1,    0) (   1,    2) (   1,    1) (   1,    1) (   1,    1) (   1,    1) (   1,    2) (   1,    3) (   1,    2) (   1,    3)
          (   1,    1) (   1,    0) (   1,    0) (   1,    1) (   1,    1) (   1,    0) (   1,    1) (   1,    0) (   1,    1) (   1,    3)
          (   1,    1) (   1,    1) (   1,    0) (   1,    1) (   1,    2) (   1,    1) (   1,    3) (   1,    3) (   1,    1) (   1,    0)
          (   1,    3) (   1,    1) (   1,    1) (   1,    2) (   1,    2) (   1,    2) (   1,    0) (   1,    0) (   1,    1) (   1,    2)
          (   1,    2) (   1,    0) (   1,    2) (   1,    3) (   1,    1) (   1,    2) (   1,    1) (   1,    0) (   1,    0) (   1,    2)
          (   1,    1) (   1,    0) (   1,    1) (   1,    2) (   1,    1) (   1,    3) (   1,    2) (   1,    0) (   1,    4) (   1,    1)
          (   1,    1) (   1,    2) (   1,    0) (   1,    1) (   1,    2) (   1,    2) (   1,    2) (   1,    1) (   1,    1) (   1,    0)
          (   1,    1) (   1,    0) (   1,    3) (   1,    2) (   1,    0) (   1,    0) (   1,    0) (   1,    2) (   1,    0) (   1,    2)
          (   1,    2) (   1,    1) (   1,    3) (   1,    1) (   1,    0) (   1,    1) (   1,    2) (   1,    0) (   1,    0) (   1,    1)
          (   1,    1) (   1,    1) (   1,    3) (   1,    1) (   1,    0) (   1,    1) (   1,    1) (   1,    1) (   1,    0) (   1,    2)
          (   1,    1) (   1,    1) (   1,    0) (   1,    1) (   1,    2) (   1,    0) (   1,    0) (   1,    3) (   1,    0) (   1,    2)
          (   1,    3) (   1,    1) (   1,    0) (   1,    2) (   1,    3) (   1,    1) (   1,    2) (   1,    1) (   1,    0) (   1,    1)
          (   1,    0) (   1,    1) (   1,    2) (   1,    1) (   1,    1) (   1,    1) (   1,    1) (   1,    1) (   1,    2) (   1,    1)
          (   1,    0) (   1,    0) (   1,    2) (   1,    1) (   1,    0) (   1,    2) (   1,    3) (   1,    0) (   1,    1) (   1,    0)
          (   1,    0) (   1,    0) (   1,    1) (   1,    1) (   1,    1) (   1,    1) (   1,    0) (   1,    0) (   1,    0) (   1,    3)
          (   1,    1) (   1,    2) (   1,    2) (   1,    3) (   1,    2) (   1,    0) (   1,    1) (   1,    1) (   1,    0) (   1,    1)
          (   1,    2) (   1,    1) (   1,    0) (   1,    0) (   1,    0) (   1,    1) (   1,    4) (   1,    0) (   1,    2) (   1,    1)
          (   1,    0) (   1,    2) (   1,    0) (   1,    0) (   1,    0) (   1,    0) (   1,    0) (   1,    2) (   1,    1) (   1,    0)
          (   1,    0) (   1,    1) (   1,    3) (   1,    2) (   1,    2) (   1,    2) (   1,    2) (   1,    0) (   1,    2) (   1,    2)
          (   1,    1) (   1,    0) (   1,    0) (   1,    1) (   1,    3) (   1,    2) (   1,    1) (   1,    1) (   1,    2) (   1,    2)
         
node   3 sent_total    480  recv_total    512

node   4  (   1,    0) (   0,    0) (   1,    1) (   1,    1) (   1,    1) (   1,    1) (   1,    3) (   1,    0) (   1,    2) (   1,    1)
          (   1,    1) (   1,    1) (   1,    2) (   1,    1) (   1,    1) (   1,    0) (   1,    0) (   1,    0) (   1,    2) (   1,    0)
          (   1,    3) (   1,    0) (   1,    0) (   1,    1) (   1,    1) (   1,    0) (   1,    2) (   1,    2) (   1,    0) (   1,    0)
          (   1,    1) (   1,    1) (   1,    1) (   1,    2) (   1,    0) (   1,    0) (   1,    0) (   1,    1) (   1,    0) (   1,    2)
          (   1,    0) (   1,    0) (   1,    0) (   1,    0) (   1,    0) (   1,    2) (   1,    1) (   1,    2) (   1,    0) (   1,    0)
          (   1,    1) (   1,    1) (   1,    2) (   1,    2) (   1,    2) (   1,    1) (   1,    2) (   1,    1) (   1,    1) (   1,    0)
          (   1,    2) (   1,    0) (   1,    0) (   1,    1) (   1,    1) (   1,    0) (   1,    1) (   1,    3) (   1,    1) (   1,    2)
          (   1,    0) (   1,    0) (   1,    0) (   0,    1) (   1,    1) (   1,    1) (   1,    1) (   1,    1) (   1,    2) (   0,    1)
          (   1,    3) (   1,    1) (   1,    0) (   0,    1) (   1,    1) (   1,    1) (   1,    2) (   1,    0) (   1,    0) (   1,    1)
          (   1,    2) (   1,    1) (   1,    2) (   1,    0) (   1,    0) (   1,    0) (   1,    0) (   1,    0) (   1,    1) (   1,    0)
          (   1,    2) (   1,    1) (   1,    2) (   1,    2) (   0,    0) (   0,    1) (   1,    0) (   1,    0) (   1,    0) (   1,    1)
          (   1,    0) (   1,    1) (   1,    1) (   1,    0) (   1,    0) (   1,    2) (   1,    0) (   1,    2) (   1,    2) (   1,    2)
          (   1,    1) (   1,    0) (   1,    0) (   1,    0) (   0,    0) (   1,    2) (   1,    0) (   1,    0) (   1,    1) (   1,    2)
          (   1,    0) (   1,    1) (   1,    1) (   1,    0) (   1,    1) (   1,    1) (   1,    2) (   1,    1) (   1,    3) (   1,    0)
          (   1,    0) (   1,    2) (   1,    1) (   1,    1) (   1,    0) (   1,    0) (   1,    0) (   1,    0) (   1,    0) (   1,    0)
          (   1,    0) (   0,    3) (   1,    0) (   1,    1) (   1,    0) (   1,    1) (   1,    0) (   1,    1) (   1,    0) (   1,    0)
          (   1,    0) (   1,    1) (   1,    0) (   1,    0) (   1,    1) (   1,    0) (   1,    0) (   1,    0) (   1,    0) (   1,    0)
          (   1,    1) (   1,    2) (   1,    0) (   0,    2) (   1,    0) (   1,    1) (   1,    2) (   0,    0) (   1,    1) (   1,    1)
          (   1,    1) (   1,    1) (   1,    1) (   0,    1) (   1,    1) (   1,    0) (   1,    1) (   1,    2) (   0,    0) (   1,    0)
          (   1,    0) (   1,    0) (   1,    0) (   1,    2) (   1,    0) (   1,    2) (   1,    0) (   1,    1) (   1,    2) (   1,    0)
          (   1,    3) (   1,    2) (   1,    1) (   1,    1) (   1,    1) (   1,    1) (   1,    1) (   1,    2) (   1,    1) (   0,    1)
          (   1,    1) (   1,    0) (   1,    0) (   1,    1) (   0,    1) (   1,    0) (   1,    1) (   1,    0) (   1,    0) (   1,    1)
          (   1,    0) (   1,    1) (   1,    2) (   1,    1) (   0,    0) (   1,    0) (   1,    1) (   1,    1) (   1,    1) (   1,    0)
          (   1,    1) (   1,    0) (   1,    2) (   1,    2) (   1,    2) (   1,    2) (   1,    0) (   1,    0) (   1,    0) (   1,    0)
          (   1,    0) (   1,    2) (   1,    1) (   1,    0) (   1,    0) (   1,    1) (   0,    2) (   1,    1) (   1,    1) (   1,    1)
          (   1,    2) (   1,    0) (   1,    1) (   1,    0) (   1,    1) (   1,    1) (   1,    0) (   0,    1) (   1,    1) (   1,    2)
          (   1,    0) (   1,    1) (   1,    2) (   1,    5) (   1,    1) (   1,    2) (   0,    2) (   1,    0) (   1,    0) (   1,    1)
          (   1,    0) (   1,    0) (   1,    1) (   1,    3) (   1,    1) (   1,    2) (   1,    0) (   1,    2) (   1,    0) (   1,    0)
          (   1,    0) (   1,    1) (   0,    2) (   1,    0) (   1,    0) (   1,    1) (   1,    1) (   1,    1) (   1,    2) (   1,    0)
          (   1,    0) (   1,    1) (   1,    1) (   1,    0) (   0,    0) (   1,    3) (   1,    1) (   1,    2) (   1,    1) (   1,    1)
          (   1,    1) (   1,    2) (   1,    1) (   1,    0) (   1,    0) (   1,    2) (   1,    2) (   1,    3) (   1,    0) (   1,    0)
          (   1,    1) (   1,    1) (   1,    1) (   1,    4) (   1,    1) (   1,    1) (   1,    0) (   1,    2) (   1,    0) (   1,    1)
          (   1,    1) (   1,    4) (   1,    0) (   1,    2) (   1,    1) (   1,    0) (   1,    1) (   1,    0) (   1,    1) (   1,    0)
          (   1,    0) (   1,    0) (   1,    2) (   1,    1) (   1,    0) (   1,    2) (   1,    1) (   1,    2) (   1,    2) (   1,    0)
          (   1,    1) (   1,    2) (   1,    2) (   1,    0) (   1,    2) (   1,    1) (   1,    0) (   1,    0) (   1,    0) (   1,    0)
          (   1,    2) (   1,    0) (   1,    2) (   1,    1) (   1,    2) (   1,    0) (   1,    1) (   1,    0) (   1,    0) (   1,    2)
          (   1,    0) (   1,    0) (   1,    0) (   1,    3) (   1,    0) (   1,    1) (   1,    1) (   1,    0) (   1,    0) (   1,    0)
          (   1,    3) (   1,    2) (   1,    1) (   1,    3) (   1,    1) (   1,    1) (   1,    0) (   1,    1) (   1,    1) (   1,    1)
          (   1,    2) (   1,    0) (   1,    1) (   1,    2) (   1,    1) (   1,    1) (   1,    0) (   1,    1) (   1,    1) (   1,    3)
          (   1,    0) (   1,    2) (   1,    1) (   1,    1) (   1,    3) (   1,    1) (   1,    4) (   1,    1) (   1,    0) (   1,    0)
          (   1,    0) (   1,    1) (   1,    0) (   1,    0) (   1,    1) (   1,    0) (   1,    1) (   1,    1) (   1,    0) (   1,    0)
          (   1,    0) (   1,    2) (   1,    0) (   1,    2) (   1,    0) (   1,    0) (   1,    0) (   1,    1) (   1,    0) (   1,    0)
          (   1,    0) (   1,    1) (   1,    1) (   1,    1) (   1,    1) (   1,    2) (   1,    0) (   1,    1) (   1,    2) (   1,    0)
          (   1,    2) (   1,    0) (   1,    1) (   1,    1) (   1,    2) (   1,    0) (   1,    0) (   1,    1) (   1,    2) (   1,    1)
          (   1,    1) (   1,    1) (   1,    1) (   1,    0) (   1,    1) (   1,    0) (   1,    1) (   1,    2) (   1,    1) (   1,    2)
          (   1,    0) (   1,    0) (   1,    0) (   1,    0) (   1,    0) (   1,    1) (   1,    2) (   1,    1) (   1,    0) (   1,    1)
          (   1,    0) (   1,    1) (   1,    1) (   1,    1) (   1,    1) (   1,    1) (   1,    0) (   1,    1) (   1,    0) (   1,    1)
          (   1,    2) (   1,    1) (   1,    0) (   1,    0) (   1,    1) (   1,    1) (   1,    1) (   1,    1) (   1,    1) (   1,    1)
          (   1,    1) (   1,    1) (   1,    1) (   1,    0) (   1,    1) (   1,    0) (   1,    2) (   1,    0) (   1,    2) (   1,    4)
          (   1,    1) (   1,    2) (   1,    1) (   1,    2) (   1,    2) (   1,    0) (   1,    0) (   1,    0) (   1,    0) (   1,    1)
         
node   4 sent_total    480  recv_total    439

node   5  (   0,    0) (   1,    0) (   0,    0) (   1,    1) (   1,    0) (   1,    0) (   1,    0) (   1,    0) (   1,    1) (   1,    1)
          (   1,    2) (   1,    0) (   1,    0) (   1,    0) (   1,    2) (   1,    1) (   1,    0) (   1,    1) (   1,    1) (   1,    0)
          (   1,    0) (   1,    1) (   1,    1) (   1,    3) (   1,    0) (   1,    0) (   1,    0) (   1,    0) (   1,    2) (   1,    1)
          (   1,    1) (   1,    1) (   1,    0) (   1,    1) (   1,    0) (   1,    1) (   1,    2) (   1,    1) (   1,    1) (   1,    0)
          (   1,    1) (   1,    2) (   1,    0) (   1,    1) (   1,    0) (   1,    1) (   1,    1) (   1,    0) (   1,    2) (   1,    1)
          (   1,    3) (   0,    1) (   1,    2) (   1,    2) (   1,    0) (   1,    3) (   1,    0) (   1,    2) (   1,    1) (   1,    0)
          (   1,    0) (   1,    2) (   1,    0) (   1,    2) (   0,    2) (   1,    2) (   1,    2) (   1,    0) (   1,    1) (   1,    1)
          (   1,    2) (   0,    0) (   1,    0) (   1,    0) (   1,    2) (   1,    0) (   1,    1) (   1,    0) (   0,    1) (   1,    1)
          (   1,    1) (   1,    1) (   1,    2) (   1,    2) (   1,    2) (   1,    1) (   1,    0) (   1,    0) (   1,    1) (   1,    1)
          (   1,    2) (   0,    0) (   1,    1) (   1,    1) (   1,    2) (   1,    1) (   1,    1) (   1,    1) (   0,    2) (   1,    1)
          (   1,    1) (   0,    0) (   0,    0) (   0,    0) (   0,    0) (   0,    0) (   0,    0) (   0,    0) (   0,    0) (   0,    0)
          (   0,    0) (   0,    0) (   0,    0) (   0,    0) (   0,    0) (   0,    0) (   0,    0) (   0,    0) (   0,    0) (   0,    0)
          (   0,    0) (   0,    0) (   0,    0) (   0,    0) (   0,    0) (   0,    0) (   0,    0) (   0,    0) (   0,    0) (   0,    0)
          (   0,    0) (   0,    0) (   0,    0) (   0,    0) (   0,    0) (   0,    0) (   0,    0) (   0,    0) (   0,    0) (   0,    0)
          (   0,    0) (   0,    0) (   0,    0) (   0,    0) (   0,    0) (   0,    0) (   0,    0) (   0,    0) (   0,    0) (   0,    0)
          (   0,    0) (   0,    0) (   0,    0) (   0,    0) (   0,    0) (   0,    0) (   0,    0) (   0,    0) (   0,    0) (   0,    0)
          (   0,    0) (   0,    0) (   0,    0) (   0,    0) (   0,    0) (   0,    0) (   0,    0) (   0,    0) (   0,    0) (   0,    0)
          (   0,    0) (   0,    0) (   0,    0) (   0,    0) (   0,    0) (   0,    0) (   0,    0) (   0,    0) (   0,    0) (   0,    0)
          (   0,    0) (   0,    0) (   0,    0) (   0,    0) (   0,    0) (   0,    0) (   0,    0) (   0,    0) (   0,    0) (   0,    0)
          (   0,    0) (   0,    0) (   0,    0) (   0,    0) (   0,    0) (   0,    0) (   0,    0) (   0,    0) (   0,    0) (   0,    0)
          (   0,    0) (   0,    0) (   0,    0) (   0,    0) (   0,    0) (   0,    0) (   0,    0) (   0,    0) (   0,    0) (   0,    0)
          (   0,    0) (   0,    0) (   0,    0) (   0,    0) (   0,    0) (   0,    0) (   0,    0) (   0,    0) (   0,    0) (   0,    0)
          (   0,    0) (   0,    0) (   0,    0) (   0,    0) (   0,    0) (   0,    0) (   0,    0) (   0,    0) (   0,    0) (   0,    0)
          (   0,    0) (   0,    0) (   0,    0) (   0,    0) (   0,    0) (   0,    0) (   0,    0) (   0,    0) (   0,    0) (   0,    0)
          (   0,    0) (   0,    0) (   0,    0) (   0,    0) (   0,    0) (   0,    0) (   0,    0) (   0,    0) (   0,    0) (   0,    0)
          (   0,    0) (   0,    0) (   0,    0) (   0,    0) (   0,    0) (   0,    0) (   0,    0) (   0,    0) (   0,    0) (   0,    0)
          (   0,    0) (   0,    0) (   0,    0) (   0,    0) (   0,    0) (   0,    0) (   0,    0) (   0,    0) (   0,    0) (   0,    0)
          (   0,    0) (   0,    0) (   0,    0) (   0,    0) (   0,    0) (   0,    0) (   0,    0) (   0,    0) (   0,    0) (   0,    0)
          (   0,    0) (   0,    0) (   0,    0) (   0,    0) (   0,    0) (   0,    0) (   0,    0) (   0,    0) (   0,    0) (   0,    0)
          (   0,    0) (   0,    0) (   0,    0) (   0,    0) (   0,    0) (   0,    0) (   0,    0) (   0,    0) (   0,    0) (   0,    0)
          (   0,    0) (   0,    0) (   0,    0) (   0,    0) (   0,    0) (   0,    0) (   0,    0) (   0,    0) (   0,    0) (   0,    0)
          (   0,    0) (   0,    0) (   0,    0) (   0,    0) (   0,    0) (   0,    0) (   0,    0) (   0,    0) (   0,    0) (   0,    0)
          (   0,    0) (   0,    0) (   0,    0) (   0,    0) (   0,    0) (   0,    0) (   0,    0) (   0,    0) (   0,    0) (   0,    0)
          (   0,    0) (   0,    0) (   0,    0) (   0,    0) (   0,    0) (   0,    0) (   0,    0) (   0,    0) (   0,    0) (   0,    0)
          (   0,    0) (   0,    0) (   0,    0) (   0,    0) (   0,    0) (   0,    0) (   0,    0) (   0,    0) (   0,    0) (   0,    0)
          (   0,    0) (   0,    0) (   0,    0) (   0,    0) (   0,    0) (   0,    0) (   0,    0) (   0,    0) (   0,    0) (   0,    0)
          (   0,    0) (   0,    0) (   0,    0) (   0,    0) (   0,    0) (   0,    0) (   0,    0) (   0,    0) (   0,    0) (   0,    0)
          (   0,    0) (   0,    0) (   0,    0) (   0,    0) (   0,    0) (   0,    0) (   0,    0) (   0,    0) (   0,    0) (   0,    0)
          (   0,    0) (   0,    0) (   0,    0) (   0,    0) (   0,    0) (   0,    0) (   0,    0) (   0,    0) (   0,    0) (   0,    0)
          (   0,    0) (   0,    0) (   0,    0) (   0,    0) (   0,    0) (   0,    0) (   0,    0) (   0,    0) (   0,    0) (   0,    0)
          (   0,    0) (   0,    0) (   0,    0) (   0,    0) (   0,    0) (   0,    0) (   0,    0) (   0,    0) (   0,    0) (   0,    0)
          (   0,    0) (   0,    0) (   0,    0) (   0,    0) (   0,    0) (   0,    0) (   0,    0) (   0,    0) (   0,    0) (   0,    0)
          (   0,    0) (   0,    0) (   0,    0) (   0,    0) (   0,    0) (   0,    0) (   0,    0) (   0,    0) (   0,    0) (   0,    0)
          (   0,    0) (   0,    0) (   0,    0) (   0,    0) (   0,    0) (   0,    0) (   0,    0) (   0,    0) (   0,    0) (   0,    0)
          (   0,    0) (   0,    0) (   0,    0) (   0,    0) (   0,    0) (   0,    0) (   0,    0) (   0,    0) (   0,    0) (   0,    0)
          (   0,    0) (   0,    0) (   0,    0) (   0,    0) (   0,    0) (   0,    0) (   0,    0) (   0,    0) (   0,    0) (   0,    0)
          (   0,    0) (   0,    0) (   0,    0) (   0,    0) (   0,    0) (   0,    0) (   0,    0) (   0,    0) (   0,    0) (   0,    0)
          (   0,    0) (   0,    0) (   0,    0) (   0,    0) (   0,    0) (   0,    0) (   0,    0) (   0,    0) (   0,    0) (   0,    0)
          (   0,    0) (   0,    0) (   0,    0) (   0,    0) (   0,    0) (   0,    0) (   0,    0) (   0,    0) (   0,    0) (   0,    0)
          (   0,    0) (   0,    0) (   0,    0) (   0,    0) (   0,    0) (   0,    0) (   0,    0) (   0,    0) (   0,    0) (   0,    0)
         
node   5 sent_total     93  recv_total     92

node   6  (   0,    0) (   1,    0) (   0,    0) (   1,    2) (   1,    0) (   1,    0) (   1,    1) (   1,    0) (   1,    1) (   1,    1)
          (   1,    0) (   1,    1) (   1,    1) (   1,    2) (   1,    0) (   1,    1) (   1,    2) (   1,    0) (   1,    0) (   1,    4)
          (   1,    0) (   1,    1) (   1,    0) (   1,    1) (   1,    2) (   1,    2) (   1,    1) (   1,    0) (   1,    1) (   1,    3)
          (   1,    1) (   1,    2) (   1,    1) (   1,    1) (   1,    2) (   1,    0) (   1,    0) (   1,    3) (   1,    0) (   1,    1)
          (   1,    3) (   1,    2) (   1,    1) (   1,    1) (   1,    1) (   1,    2) (   1,    1) (   1,    2) (   1,    0) (   1,    1)
          (   1,    0) (   1,    0) (   1,    0) (   1,    1) (   1,    0) (   0,    0) (   1,    4) (   1,    1) (   1,    0) (   1,    0)
          (   1,    1) (   1,    2) (   1,    0) (   1,    0) (   1,    0) (   1,    0) (   1,    0) (   1,    1) (   1,    1) (   1,    3)
          (   0,    0) (   1,    0) (   1,    0) (   1,    1) (   1,    0) (   1,    3) (   1,    2) (   1,    1) (   1,    1) (   1,    0)
          (   1,    1) (   1,    0) (   1,    0) (   1,    0) (   0,    0) (   1,    1) (   1,    1) (   1,    0) (   1,    0) (   1,    0)
          (   1,    2) (   1,    0) (   1,    2) (   1,    2) (   1,    1) (   1,    0) (   1,    0) (   1,    0) (   1,    2) (   1,    1)
          (   1,    2) (   1,    2) (   1,    0) (   1,    0) (   1,    2) (   1,    0) (   1,    1) (   0,    1) (   1,    0) (   1,    0)
          (   0,    3) (   1,    2) (   1,    1) (   1,    3) (   1,    0) (   1,    1) (   0,    0) (   1,    2) (   1,    1) (   0,    3)
          (   1,    2) (   1,    1) (   0,    0) (   1,    1) (   1,    1) (   1,    1) (   1,    2) (   1,    0) (   1,    0) (   1,    1)
          (   1,    1) (   1,    0) (   1,    0) (   1,    1) (   1,    0) (   1,    1) (   1,    2) (   1,    0) (   1,    0) (   1,    0)
          (   1,    1) (   0,    2) (   1,    2) (   1,    1) (   0,    0) (   1,    1) (   0,    1) (   1,    0) (   1,    2) (   1,    1)
          (   1,    2) (   1,    4) (   1,    1) (   1,    0) (   1,    3) (   1,    2) (   1,    1) (   1,    1) (   1,    2) (   1,    0)
          (   1,    3) (   1,    1) (   1,    1) (   1,    1) (   1,    1) (   1,    0) (   1,    1) (   1,    1) (   1,    0) (   1,    1)
          (   1,    0) (   1,    2) (   1,    0) (   1,    1) (   1,    3) (   1,    2) (   1,    1) (   1,    2) (   1,    0) (   0,    0)
          (   1,    0) (   1,    1) (   1,    1) (   1,    1) (   1,    1) (   1,    0) (   1,    0) (   1,    0) (   1,    0) (   1,    1)
          (   1,    1) (   1,    1) (   1,    0) (   1,    0) (   1,    0) (   1,    1) (   1,    0) (   1,    2) (   1,    0) (   1,    1)
          (   1,    1) (   1,    0) (   1,    0) (   1,    4) (   1,    0) (   1,    2) (   1,    0) (   1,    1) (   1,    0) (   1,    1)
          (   1,    0) (   1,    1) (   1,    0) (   1,    0) (   1,    0) (   1,    3) (   0,    3) (   1,    1) (   1,    0) (   1,    1)
          (   1,    2) (   1,    1) (   1,    1) (   1,    2) (   1,    1) (   1,    1) (   1,    2) (   1,    1) (   1,    1) (   1,    2)
          (   0,    1) (   1,    0) (   1,    1) (   0,    0) (   0,    0) (   1,    0) (   1,    0) (   1,    0) (   1,    1) (   1,    1)
          (   1,    2) (   1,    3) (   1,    1) (   1,    0) (   1,    0) (   1,    1) (   1,    0) (   1,    0) (   1,    1) (   1,    1)
          (   1,    1) (   1,    1) (   1,    3) (   1,    2) (   0,    0) (   1,    1) (   1,    1) (   1,    2) (   1,    0) (   1,    3)
          (   1,    0) (   1,    1) (   1,    1) (   1,    0) (   1,    1) (   1,    0) (   0,    1) (   1,    2) (   1,    1) (   1,    0)
          (   1,    0) (   1,    1) (   1,    1) (   1,    1) (   1,    0) (   1,    0) (   1,    0) (   1,    0) (   0,    2) (   1,    0)
          (   1,    2) (   1,    0) (   1,    1) (   1,    0) (   1,    0) (   1,    0) (   1,    3) (   0,    2) (   1,    0) (   1,    0)
          (   1,    0) (   1,    0) (   1,    0) (   0,    0) (   1,    2) (   1,    1) (   0,    1) (   1,    1) (   0,    1) (   1,    1)
          (   0,    1) (   1,    0) (   1,    0) (   1,    0) (   1,    1) (   1,    1) (   1,    1) (   1,    0) (   1,    0) (   1,    3)
          (   1,    0) (   1,    2) (   1,    0) (   1,    2) (   1,    2) (   1,    2) (   1,    1) (   1,    1) (   1,    1) (   1,    1)
          (   1,    0) (   1,    0) (   1,    2) (   1,    0) (   1,    2) (   1,    3) (   1,    1) (   1,    0) (   1,    0) (   1,    1)
          (   1,    0) (   1,    0) (   1,    1) (   1,    0) (   1,    0) (   1,    0) (   1,    1) (   1,    0) (   1,    0) (   1,    1)
          (   1,    1) (   1,    2) (   1,    1) (   1,    1) (   1,    1) (   1,    1) (   1,    1) (   1,    1) (   1,    2) (   1,    1)
          (   1,    0) (   1,    2) (   1,    2) (   1,    0) (   1,    1) (   1,    2) (   1,    2) (   1,    1) (   1,    0) (   1,    0)
          (   1,    1) (   1,    1) (   1,    0) (   1,    1) (   1,    1) (   1,    1) (   1,    2) (   1,    1) (   1,    1) (   1,    1)
          (   1,    1) (   1,    2) (   1,    0) (   1,    0) (   1,    1) (   1,    1) (   1,    0) (   1,    2) (   1,    2) (   1,    1)
          (   1,    1) (   1,    2) (   1,    2) (   1,    1) (   1,    1) (   1,    0) (   1,    1) (   1,    1) (   1,    3) (   1,    0)
          (   1,    0) (   1,    1) (   1,    0) (   1,    1) (   1,    0) (   1,    0) (   1,    0) (   1,    3) (   1,    2) (   1,    0)
          (   1,    2) (   1,    0) (   1,    0) (   1,    0) (   1,    1) (   1,    2) (   1,    1) (   1,    1) (   1,    3) (   1,    2)
          (   1,    1) (   1,    0) (   1,    2) (   1,    0) (   1,    1) (   1,    0) (   1,    0) (   1,    1) (   1,    0) (   1,    0)
          (   1,    3) (   1,    1) (   1,    2) (   1,    0) (   1,    0) (   1,    0) (   1,    0) (   1,    3) (   1,    1) (   1,    1)
          (   1,    1) (   1,    1) (   1,    0) (   1,    2) (   1,    3) (   1,    1) (   1,    1) (   1,    1) (   1,    1) (   1,    1)
          (   1,    1) (   1,    2) (   1,    3) (   1,    1) (   1,    2) (   1,    1) (   1,    4) (   1,    1) (   1,    2) (   1,    1)
          (   1,    1) (   1,    2) (   1,    1) (   1,    1) (   1,    2) (   1,    2) (   1,    1) (   1,    2) (   1,    1) (   1,    2)
          (   1,    0) (   1,    1) (   1,    1) (   1,    1) (   1,    0) (   1,    1) (   1,    1) (   1,    1) (   1,    1) (   1,    2)
          (   1,    0) (   1,    0) (   1,    0) (   1,    1) (   1,    2) (   1,    1) (   1,    0) (   1,    0) (   1,    2) (   1,    1)
          (   1,    1) (   1,    1) (   1,    0) (   1,    1) (   1,    0) (   1,    2) (   1,    1) (   1,    0) (   1,    0) (   1,    0)
          (   1,    1) (   1,    0) (   1,    0) (   1,    1) (   1,    0) (   1,    0) (   1,    2) (   1,    0) (   1,    1) (   1,    2)
         
node   6 sent_total    474  recv_total    464

node   7  (   0,    0) (   1,    0) (   0,    0) (   1,    1) (   1,    1) (   1,    0) (   1,    1) (   1,    2) (   1,    2) (   1,    0)
          (   1,    1) (   1,    2) (   1,    2) (   1,    3) (   1,    0) (   1,    0) (   1,    2) (   1,    5) (   1,    1) (   1,    2)
          (   1,    0) (   1,    1) (   1,    2) (   1,    0) (   1,    1) (   1,    1) (   1,    0) (   1,    1) (   1,    1) (   1,    1)
          (   1,    0) (   1,    1) (   1,    3) (   1,    2) (   1,    3) (   1,    0) (   1,    2) (   1,    1) (   1,    3) (   1,    2)
          (   1,    0) (   1,    1) (   1,    1) (   1,    1) (   1,    2) (   1,    1) (   1,    2) (   1,    1) (   1,    0) (   1,    3)
          (   1,    2) (   0,    1) (   1,    1) (   1,    1) (   1,    0) (   1,    0) (   1,    1) (   1,    0) (   1,    0) (   0,    2)
          (   1,    0) (   1,    2) (   1,    3) (   0,    0) (   1,    1) (   1,    0) (   1,    0) (   1,    1) (   1,    0) (   1,    0)
          (   1,    2) (   1,    1) (   1,    0) (   1,    2) (   1,    2) (   1,    0) (   0,    1) (   1,    1) (   1,    0) (   0,    1)
          (   1,    0) (   1,    2) (   1,    3) (   1,    1) (   1,    0) (   1,    0) (   1,    0) (   1,    1) (   1,    1) (   1,    1)
          (   0,    1) (   1,    2) (   1,    1) (   1,    1) (   1,    3) (   1,    0) (   1,    1) (   1,    1) (   1,    0) (   1,    0)
          (   0,    0) (   0,    0) (   1,    0) (   1,    1) (   1,    0) (   1,    0) (   0,    0) (   1,    0) (   1,    1) (   1,    1)
          (   1,    0) (   1,    1) (   1,    0) (   1,    0) (   1,    1) (   1,    0) (   1,    0) (   1,    0) (   1,    0) (   1,    0)
          (   1,    0) (   1,    2) (   1,    0) (   1,    0) (   1,    0) (   1,    0) (   1,    0) (   1,    1) (   1,    0) (   1,    0)
          (   1,    2) (   1,    1) (   1,    0) (   1,    0) (   1,    1) (   1,    2) (   1,    1) (   1,    0) (   1,    2) (   1,    1)
          (   1,    0) (   1,    0) (   0,    1) (   1,    0) (   1,    2) (   1,    0) (   1,    1) (   1,    0) (   1,    1) (   1,    0)
          (   1,    0) (   1,    0) (   1,    2) (   1,    2) (   1,    0) (   1,    0) (   1,    1) (   1,    0) (   1,    0) (   1,    0)
          (   1,    0) (   1,    2) (   1,    1) (   1,    0) (   1,    0) (   1,    1) (   1,    0) (   1,    0) (   1,    0) (   1,    1)
          (   1,    2) (   0,    1) (   1,    1) (   1,    2) (   1,    0) (   1,    0) (   0,    0) (   0,    0) (   1,    1) (   1,    0)
          (   1,    2) (   1,    1) (   1,    0) (   1,    0) (   1,    3) (   1,    3) (   1,    3) (   1,    1) (   1,    1) (   1,    0)
          (   0,    0) (   1,    1) (   0,    0) (   1,    1) (   1,    2) (   1,    1) (   1,    0) (   1,    1) (   1,    1) (   1,    1)
          (   1,    0) (   1,    1) (   1,    1) (   1,    0) (   1,    2) (   1,    1) (   1,    2) (   1,    1) (   1,    0) (   1,    2)
          (   1,    0) (   1,    0) (   1,    2) (   0,    1) (   0,    3) (   1,    0) (   1,    0) (   1,    2) (   1,    0) (   1,    0)
          (   1,    1) (   1,    0) (   1,    0) (   1,    1) (   1,    1) (   1,    3) (   1,    0) (   1,    1) (   1,    0) (   1,    0)
          (   0,    0) (   0,    1) (   1,    1) (   0,    1) (   1,    2) (   1,    1) (   1,    3) (   1,    1) (   1,    0) (   1,    2)
          (   1,    1) (   1,    0) (   1,    0) (   1,    2) (   1,    2) (   1,    1) (   1,    0) (   1,    0) (   1,    1) (   1,    1)
          (   1,    1) (   1,    0) (   0,    0) (   1,    1) (   1,    0) (   1,    1) (   1,    1) (   1,    2) (   1,    0) (   1,    0)
          (   1,    2) (   1,    2) (   1,    1) (   1,    2) (   1,    1) (   1,    1) (   1,    1) (   1,    2) (   1,    2) (   1,    1)
          (   1,    1) (   1,    1) (   1,    1) (   1,    1) (   1,    3) (   1,    1) (   1,    1) (   1,    2) (   1,    2) (   1,    1)
          (   1,    1) (   1,    0) (   1,    1) (   1,    3) (   1,    1) (   1,    1) (   1,    0) (   1,    1) (   1,    0) (   0,    2)
          (   1,    2) (   1,    1) (   1,    0) (   1,    0) (   1,    3) (   0,    0) (   1,    1) (   0,    2) (   1,    1) (   1,    1)
          (   1,    1) (   1,    0) (   1,    3) (   1,    3) (   1,    2) (   1,    2) (   1,    1) (   1,    1) (   1,    0) (   1,    1)
          (   1,    2) (   1,    1) (   1,    1) (   1,    0) (   1,    2) (   1,    1) (   1,    2) (   1,    1) (   1,    0) (   1,    0)
          (   1,    2) (   1,    0) (   1,    0) (   1,    0) (   1,    2) (   1,    1) (   1,    0) (   1,    2) (   1,    1) (   1,    1)
          (   1,    2) (   1,    3) (   1,    0) (   1,    1) (   1,    0) (   1,    0) (   1,    1) (   1,    3) (   1,    3) (   1,    0)
          (   1,    0) (   1,    1) (   1,    1) (   1,    1) (   1,    1) (   1,    0) (   1,    0) (   1,    2) (   1,    0) (   1,    0)
          (   1,    2) (   1,    0) (   1,    0) (   1,    1) (   1,    2) (   1,    0) (   1,    0) (   1,    2) (   1,    1) (   1,    0)
          (   1,    0) (   1,    0) (   1,    3) (   1,    0) (   1,    0) (   1,    1) (   1,    1) (   1,    2) (   1,    1) (   1,    1)
          (   1,    0) (   1,    1) (   1,    0) (   1,    2) (   1,    0) (   1,    0) (   1,    2) (   1,    1) (   1,    1) (   1,    3)
          (   1,    1) (   1,    2) (   1,    0) (   1,    1) (   1,    0) (   1,    0) (   1,    0) (   1,    2) (   1,    1) (   1,    0)
          (   1,    2) (   1,    2) (   1,    0) (   1,    0) (   1,    0) (   1,    2) (   1,    0) (   1,    0) (   1,    1) (   1,    1)
          (   1,    1) (   1,    0) (   1,    2) (   1,    0) (   1,    0) (   1,    1) (   1,    0) (   1,    0) (   1,    0) (   1,    1)
          (   1,    1) (   1,    1) (   1,    0) (   1,    0) (   1,    0) (   1,    0) (   1,    2) (   1,    2) (   1,    2) (   1,    1)
          (   1,    1) (   1,    2) (   1,    1) (   1,    2) (   1,    2) (   1,    2) (   1,    2) (   1,    0) (   1,    0) (   1,    0)
          (   1,    1) (   1,    2) (   1,    1) (   1,    0) (   1,    0) (   1,    1) (   1,    0) (   1,    1) (   1,    2) (   1,    3)
          (   1,    1) (   1,    1) (   1,    0) (   1,    1) (   1,    0) (   1,    1) (   1,    1) (   1,    0) (   1,    1) (   1,    2)
          (   1,    0) (   1,    0) (   1,    2) (   1,    0) (   1,    2) (   1,    0) (   1,    0) (   1,    1) (   1,    0) (   1,    0)
          (   1,    3) (   1,    0) (   1,    2) (   1,    0) (   1,    1) (   1,    1) (   1,    0) (   1,    1) (   1,    1) (   1,    2)
          (   1,    0) (   1,    1) (   1,    2) (   1,    3) (   1,    0) (   1,    2) (   1,    0) (   1,    2) (   1,    0) (   1,    1)
          (   1,    0) (   1,    0) (   1,    1) (   1,    0) (   1,    0) (   1,    1) (   1,    0) (   1,    1) (   1,    1) (   1,    2)
          (   1,    2) (   1,    1) (   1,    0) (   1,    1) (   1,    1) (   1,    2) (   1,    1) (   1,    3) (   1,    1) (   1,    2)
         
node   7 sent_total    474  recv_total    455

node   8  (   0,    0) (   1,    0) (   0,    0) (   1,    1) (   1,    0) (   1,    1) (   1,    0) (   1,    1) (   1,    1) (   1,    1)
          (   1,    2) (   1,    0) (   1,    0) (   1,    1) (   1,    0) (   1,    2) (   1,    0) (   1,    1) (   1,    3) (   1,    1)
          (   1,    2) (   1,    1) (   1,    1) (   1,    0) (   1,    1) (   1,    0) (   1,    1) (   1,    0) (   1,    2) (   1,    1)
          (   1,    1) (   1,    1) (   1,    1) (   1,    1) (   1,    1) (   1,    1) (   1,    3) (   1,    1) (   1,    2) (   1,    1)
          (   1,    3) (   1,    0) (   1,    3) (   1,    1) (   1,    2) (   1,    0) (   1,    1) (   1,    1) (   1,    3) (   1,    3)
          (   1,    0) (   1,    1) (   1,    0) (   1,    1) (   0,    0) (   1,    2) (   1,    1) (   1,    1) (   1,    0) (   1,    1)
          (   1,    0) (   1,    2) (   1,    0) (   1,    2) (   1,    0) (   1,    0) (   1,    0) (   1,    0) (   1,    3) (   1,    0)
          (   1,    0) (   1,    3) (   1,    0) (   1,    1) (   1,    0) (   1,    0) (   1,    1) (   1,    0) (   1,    1) (   1,    1)
          (   1,    0) (   1,    1) (   0,    1) (   1,    2) (   1,    1) (   1,    1) (   0,    1) (   1,    3) (   1,    0) (   1,    4)
          (   1,    0) (   1,    1) (   1,    0) (   0,    0) (   1,    1) (   1,    0) (   1,    0) (   1,    0) (   1,    0) (   1,    2)
          (   1,    3) (   1,    0) (   1,    1) (   1,    1) (   1,    3) (   1,    3) (   0,    0) (   1,    2) (   1,    1) (   1,    1)
          (   1,    2) (   1,    1) (   1,    0) (   1,    0) (   1,    1) (   0,    0) (   1,    2) (   1,    0) (   1,    1) (   1,    1)
          (   1,    1) (   1,    1) (   1,    0) (   1,    1) (   1,    2) (   1,    0) (   1,    1) (   1,    1) (   1,    0) (   1,    0)
          (   1,    0) (   0,    0) (   1,    1) (   0,    2) (   1,    0) (   1,    1) (   1,    0) (   1,    1) (   0,    1) (   1,    2)
          (   1,    0) (   1,    0) (   1,    1) (   1,    1) (   1,    0) (   1,    1) (   1,    2) (   1,    0) (   1,    0) (   1,    1)
          (   1,    1) (   1,    0) (   1,    1) (   1,    1) (   1,    1) (   1,    0) (   1,    0) (   1,    1) (   1,    0) (   1,    2)
          (   1,    3) (   1,    0) (   1,    0) (   1,    0) (   1,    1) (   0,    0) (   1,    3) (   1,    3) (   1,    2) (   1,    1)
          (   1,    1) (   0,    1) (   1,    2) (   1,    0) (   1,    1) (   1,    1) (   1,    0) (   0,    1) (   0,    1) (   1,    1)
          (   1,    1) (   1,    1) (   1,    0) (   1,    1) (   1,    0) (   1,    1) (   1,    1) (   1,    1) (   0,    1) (   1,    0)
          (   1,    1) (   1,    1) (   1,    1) (   1,    0) (   1,    0) (   1,    0) (   1,    0) (   0,    3) (   1,    0) (   1,    2)
          (   1,    1) (   1,    0) (   1,    0) (   1,    0) (   1,    0) (   1,    0) (   1,    4) (   1,    1) (   1,    0) (   1,    2)
          (   0,    1) (   0,    3) (   1,    1) (   1,    2) (   1,    1) (   1,    2) (   1,    1) (   0,    1) (   1,    1) (   1,    1)
          (   1,    1) (   1,    2) (   1,    1) (   0,    1) (   1,    2) (   1,    0) (   1,    0) (   1,    0) (   1,    2) (   1,    1)
          (   1,    0) (   1,    1) (   1,    2) (   1,    0) (   1,    2) (   1,    1) (   1,    1) (   1,    4) (   1,    1) (   1,    2)
          (   1,    2) (   1,    0) (   1,    1) (   0,    2) (   1,    0) (   1,    1) (   0,    1) (   1,    2) (   1,    1) (   1,    0)
          (   1,    0) (   0,    1) (   1,    0) (   0,    1) (   1,    2) (   1,    2) (   1,    0) (   1,    1) (   1,    0) (   1,    1)
          (   1,    3) (   1,    0) (   1,    1) (   1,    0) (   1,    1) (   1,    1) (   1,    1) (   1,    1) (   1,    1) (   1,    1)
          (   0,    0) (   1,    0) (   1,    2) (   0,    0) (   1,    1) (   1,    1) (   1,    1) (   1,    0) (   1,    1) (   1,    0)
          (   1,    1) (   1,    4) (   1,    1) (   0,    1) (   1,    1) (   1,    0) (   1,    2) (   1,    1) (   1,    1) (   1,    1)
          (   1,    1) (   1,    3) (   1,    2) (   1,    1) (   1,    0) (   0,    1) (   1,    0) (   1,    1) (   1,    0) (   0,    1)
          (   0,    0) (   1,    1) (   1,    0) (   1,    0) (   1,    2) (   1,    0) (   1,    1) (   1,    1) (   1,    4) (   1,    1)
          (   1,    1) (   1,    1) (   1,    0) (   1,    1) (   1,    1) (   1,    1) (   1,    1) (   1,    1) (   1,    1) (   1,    0)
          (   1,    1) (   1,    1) (   1,    4) (   1,    2) (   1,    0) (   1,    1) (   1,    1) (   1,    1) (   1,    1) (   1,    4)
          (   1,    2) (   1,    2) (   1,    3) (   1,    1) (   1,    1) (   1,    0) (   1,    1) (   1,    1) (   1,    1) (   1,    1)
          (   1,    1) (   1,    0) (   1,    0) (   1,    1) (   1,    2) (   1,    1) (   1,    1) (   1,    2) (   1,    0) (   1,    2)
          (   1,    1) (   1,    0) (   1,    1) (   1,    1) (   1,    0) (   1,    2) (   1,    3) (   1,    2) (   1,    0) (   1,    4)
          (   1,    1) (   1,    0) (   1,    2) (   1,    0) (   1,    0) (   1,    0) (   1,    0) (   1,    3) (   1,    2) (   1,    0)
          (   1,    0) (   1,    1) (   1,    0) (   1,    0) (   1,    0) (   1,    0) (   1,    2) (   1,    1) (   1,    0) (   1,    0)
          (   1,    0) (   1,    1) (   1,    1) (   1,    2) (   1,    1) (   1,    3) (   1,    1) (   1,    0) (   1,    0) (   1,    0)
          (   1,    0) (   1,    0) (   1,    0) (   1,    3) (   1,    2) (   1,    1) (   1,    0) (   1,    2) (   1,    0) (   1,    2)
          (   1,    1) (   1,    1) (   1,    2) (   1,    1) (   1,    1) (   1,    1) (   1,    0) (   1,    0) (   1,    1) (   1,    0)
          (   1,    2) (   1,    2) (   1,    3) (   1,    1) (   1,    1) (   1,    2) (   1,    1) (   1,    1) (   1,    0) (   1,    3)
          (   1,    0) (   1,    1) (   1,    1) (   1,    1) (   1,    1) (   1,    1) (   1,    0) (   1,    1) (   1,    1) (   1,    1)
          (   1,    1) (   1,    1) (   1,    2) (   1,    3) (   1,    0) (   1,    1) (   1,    0) (   1,    1) (   1,    1) (   1,    0)
          (   1,    3) (   1,    1) (   1,    0) (   1,    1) (   1,    1) (   1,    1) (   1,    2) (   1,    1) (   1,    2) (   1,    0)
          (   1,    0) (   1,    0) (   1,    3) (   1,    1) (   1,    0) (   1,    1) (   1,    1) (   1,    1) (   1,    3) (   1,    1)
          (   1,    1) (   1,    1) (   1,    1) (   1,    5) (   1,    3) (   1,    1) (   1,    1) (   1,    1) (   1,    1) (   1,    1)
          (   1,    2) (   1,    0) (   1,    2) (   1,    3) (   1,    0) (   1,    3) (   1,    1) (   1,    1) (   1,    0) (   1,    2)
          (   1,    1) (   1,    3) (   1,    2) (   1,    0) (   1,    1) (   1,    1) (   1,    1) (   1,    3) (   1,    2) (   1,    0)
          (   1,    1) (   1,    3) (   1,    2) (   1,    2) (   1,    2) (   1,    0) (   1,    2) (   1,    1) (   1,    1) (   1,    1)
         
node   8 sent_total    469  recv_total    510

node   9  (   0,    0) (   0,    0) (   1,    0) (   0,    0) (   1,    2) (   1,    1) (   1,    0) (   1,    1) (   1,    0) (   1,    0)
          (   1,    0) (   1,    1) (   1,    2) (   1,    0) (   1,    1) (   1,    0) (   1,    3) (   1,    1) (   1,    2) (   1,    0)
          (   1,    0) (   1,    1) (   1,    0) (   1,    1) (   1,    1) (   1,    1) (   1,    1) (   1,    0) (   1,    1) (   1,    1)
          (   1,    1) (   1,    1) (   1,    2) (   1,    0) (   1,    0) (   1,    2) (   1,    0) (   1,    0) (   1,    3) (   1,    0)
          (   1,    0) (   1,    0) (   1,    1) (   1,    2) (   1,    2) (   1,    0) (   1,    1) (   1,    0) (   1,    2) (   1,    1)
          (   1,    0) (   1,    1) (   1,    1) (   1,    1) (   1,    1) (   1,    1) (   1,    0) (   1,    1) (   1,    1) (   1,    1)
          (   1,    0) (   0,    1) (   1,    2) (   1,    0) (   0,    1) (   1,    2) (   1,    1) (   1,    2) (   1,    1) (   1,    0)
          (   1,    0) (   0,    2) (   1,    2) (   1,    0) (   1,    0) (   1,    1) (   1,    2) (   1,    0) (   1,    0) (   1,    3)
          (   1,    1) (   1,    0) (   1,    1) (   1,    0) (   1,    1) (   0,    0) (   1,    2) (   1,    1) (   1,    2) (   1,    0)
          (   1,    0) (   1,    0) (   1,    0) (   1,    0) (   1,    0) (   1,    0) (   1,    1) (   1,    2) (   1,    0) (   1,    0)
          (   1,    0) (   1,    1) (   1,    2) (   1,    1) (   1,    0) (   0,    0) (   1,    2) (   0,    1) (   1,    1) (   1,    0)
          (   1,    0) (   1,    0) (   1,    0) (   1,    0) (   1,    0) (   1,    2) (   1,    0) (   1,    0) (   1,    0) (   1,    0)
          (   1,    0) (   1,    1) (   1,    2) (   1,    0) (   1,    1) (   1,    0) (   1,    1) (   1,    2) (   0,    0) (   1,    0)
          (   1,    0) (   1,    0) (   1,    2) (   1,    0) (   1,    0) (   1,    0) (   1,    1) (   1,    0) (   1,    0) (   1,    0)
          (   1,    0) (   1,    2) (   1,    0) (   1,    0) (   1,    2) (   1,    1) (   1,    2) (   1,    0) (   1,    1) (   1,    1)
          (   1,    0) (   0,    1) (   0,    0) (   1,    1) (   1,    0) (   1,    1) (   0,    0) (   1,    0) (   1,    1) (   1,    0)
          (   0,    0) (   1,    2) (   1,    1) (   1,    2) (   0,    0) (   1,    2) (   1,    0) (   1,    2) (   1,    1) (   1,    2)
          (   1,    0) (   0,    0) (   1,    0) (   1,    0) (   1,    0) (   1,    0) (   0,    0) (   1,    1) (   1,    2) (   1,    0)
          (   1,    1) (   1,    0) (   1,    0) (   1,    0) (   1,    0) (   1,    0) (   1,    1) (   1,    0) (   1,    4) (   1,    0)
          (   1,    1) (   1,    0) (   1,    0) (   1,    0) (   1,    2) (   1,    1) (   1,    3) (   1,    0) (   1,    0) (   1,    1)
          (   0,    0) (   1,    0) (   1,    1) (   1,    1) (   0,    1) (   1,    0) (   1,    2) (   1,    2) (   1,    1) (   1,    0)
          (   0,    0) (   1,    1) (   1,    1) (   1,    1) (   1,    0) (   1,    1) (   1,    0) (   1,    1) (   1,    0) (   0,    1)
          (   1,    2) (   1,    1) (   1,    1) (   1,    1) (   1,    0) (   1,    1) (   1,    0) (   0,    3) (   1,    0) (   1,    0)
          (   1,    3) (   1,    1) (   1,    0) (   1,    0) (   1,    0) (   1,    1) (   1,    1) (   1,    0) (   1,    2) (   1,    0)
          (   0,    2) (   1,    1) (   1,    1) (   1,    2) (   1,    0) (   1,    1) (   1,    1) (   1,    0) (   1,    2) (   1,    0)
          (   1,    0) (   1,    1) (   1,    1) (   1,    1) (   1,    0) (   0,    0) (   1,    2) (   1,    1) (   0,    0) (   1,    1)
          (   1,    1) (   1,    0) (   1,    0) (   1,    0) (   1,    2) (   1,    1) (   1,    0) (   1,    0) (   1,    0) (   1,    0)
          (   1,    3) (   1,    0) (   1,    1) (   1,    0) (   1,    1) (   0,    1) (   1,    1) (   1,    1) (   1,    1) (   1,    0)
          (   1,    0) (   1,    0) (   1,    0) (   1,    1) (   1,    1) (   1,    0) (   1,    0) (   1,    1) (   1,    1) (   1,    0)
          (   1,    0) (   1,    1) (   1,    2) (   1,    0) (   1,    1) (   1,    0) (   1,    1) (   1,    0) (   1,    0) (   1,    1)
          (   1,    2) (   1,    1) (   1,    1) (   1,    2) (   1,    1) (   1,    1) (   1,    0) (   1,    0) (   1,    0) (   1,    1)
          (   1,    1) (   1,    2) (   1,    0) (   1,    0) (   1,    1) (   1,    1) (   1,    2) (   1,    1) (   1,    1) (   1,    1)
          (   1,    2) (   1,    0) (   1,    0) (   1,    0) (   1,    0) (   1,    0) (   1,    1) (   1,    0) (   1,    1) (   1,    2)
          (   1,    0) (   1,    0) (   1,    1) (   1,    3) (   1,    2) (   1,    0) (   1,    2) (   1,    2) (   1,    1) (   1,    3)
          (   1,    3) (   1,    2) (   1,    1) (   1,    0) (   1,    0) (   1,    0) (   1,    2) (   1,    1) (   1,    1) (   1,    1)
          (   1,    0) (   1,    4) (   1,    0) (   1,    0) (   1,    2) (   1,    0) (   1,    0) (   1,    1) (   1,    1) (   1,    0)
          (   1,    0) (   1,    0) (   1,    1) (   1,    1) (   1,    0) (   1,    1) (   1,    0) (   1,    0) (   1,    0) (   1,    1)
          (   1,    2) (   1,    1) (   1,    1) (   1,    1) (   1,    3) (   1,    3) (   1,    2) (   1,    1) (   1,    1) (   1,    0)
          (   1,    1) (   1,    2) (   1,    0) (   1,    0) (   1,    2) (   1,    2) (   1,    3) (   1,    0) (   1,    1) (   1,    2)
          (   1,    3) (   1,    0) (   1,    0) (   1,    1) (   1,    0) (   1,    1) (   1,    1) (   1,    1) (   1,    4) (   1,    0)
          (   1,    0) (   1,    3) (   1,    1) (   1,    4) (   1,    1) (   1,    1) (   1,    1) (   1,    0) (   1,    0) (   1,    1)
          (   1,    0) (   1,    2) (   1,    2) (   1,    1) (   1,    1) (   1,    0) (   1,    1) (   1,    0) (   1,    1) (   1,    2)
          (   1,    3) (   1,    0) (   1,    2) (   1,    0) (   1,    2) (   1,    0) (   1,    1) (   1,    0) (   1,    0) (   1,    2)
          (   1,    3) (   1,    1) (   1,    1) (   1,    1) (   1,    0) (   1,    0) (   1,    1) (   1,    2) (   1,    0) (   1,    0)
          (   1,    1) (   1,    1) (   1,    0) (   1,    1) (   1,    0) (   1,    0) (   1,    1) (   1,    0) (   1,    0) (   1,    0)
          (   1,    1) (   1,    1) (   1,    0) (   1,    2) (   1,    1) (   1,    1) (   1,    2) (   1,    1) (   1,    1) (   1,    1)
          (   1,    0) (   1,    1) (   1,    0) (   1,    0) (   1,    0) (   1,    2) (   1,    0) (   1,    1) (   1,    2) (   1,    1)
          (   1,    1) (   1,    1) (   1,    2) (   1,    0) (   1,    2) (   1,    1) (   1,    4) (   1,    1) (   1,    1) (   1,    2)
          (   1,    1) (   1,    0) (   1,    1) (   1,    2) (   1,    2) (   1,    0) (   1,    1) (   1,    1) (   1,    1) (   1,    1)
          (   1,    1) (   1,    3) (   1,    2) (   1,    0) (   1,    0) (   1,    0) (   1,    0) (   1,    0) (   1,    2) (   1,    0)
         
node   9 sent_total    474  recv_total    408

node  10  (   0,    0) (   0,    0) (   1,    0) (   0,    0) (   1,    1) (   1,    0) (   1,    1) (   1,    1) (   1,    0) (   1,    2)
          (   1,    1) (   1,    2) (   1,    1) (   1,    1) (   1,    2) (   1,    3) (   1,    1) (   1,    0) (   1,    0) (   1,    0)
          (   1,    2) (   1,    3) (   1,    0) (   1,    1) (   1,    2) (   1,    0) (   1,    0) (   1,    1) (   1,    2) (   1,    0)
          (   1,    1) (   1,    0) (   1,    0) (   1,    2) (   1,    1) (   1,    1) (   1,    1) (   1,    0) (   1,    0) (   1,    0)
          (   1,    0) (   1,    2) (   1,    0) (   1,    1) (   1,    1) (   1,    1) (   1,    1) (   1,    2) (   1,    1) (   1,    0)
          (   1,    1) (   1,    2) (   1,    0) (   1,    0) (   1,    1) (   1,    1) (   1,    0) (   1,    0) (   1,    1) (   1,    1)
          (   1,    0) (   1,    0) (   1,    1) (   1,    1) (   1,    0) (   0,    1) (   1,    1) (   1,    1) (   1,    0) (   1,    0)
          (   1,    1) (   1,    0) (   1,    3) (   1,    0) (   1,    2) (   1,    1) (   1,    1) (   1,    0) (   1,    0) (   1,    1)
          (   1,    1) (   1,    0) (   0,    1) (   1,    0) (   1,    0) (   1,    3) (   1,    0) (   1,    0) (   1,    0) (   1,    1)
          (   1,    1) (   1,    3) (   1,    0) (   1,    2) (   1,    0) (   1,    1) (   0,    0) (   1,    1) (   1,    0) (   1,    1)
          (   1,    2) (   1,    0) (   1,    0) (   1,    2) (   1,    0) (   1,    1) (   1,    0) (   1,    0) (   1,    2) (   1,    2)
          (   1,    0) (   1,    0) (   0,    1) (   1,    2) (   1,    1) (   1,    0) (   1,    0) (   1,    1) (   1,    0) (   1,    1)
          (   1,    0) (   1,    0) (   1,    2) (   1,    1) (   1,    2) (   1,    0) (   1,    1) (   1,    2) (   1,    1) (   1,    2)
          (   0,    1) (   1,    1) (   1,    1) (   1,    3) (   1,    1) (   1,    1) (   1,    0) (   1,    1) (   0,    0) (   1,    0)
          (   1,    5) (   1,    2) (   1,    1) (   0,    1) (   1,    1) (   1,    1) (   1,    0) (   1,    1) (   1,    2) (   1,    0)
          (   1,    1) (   1,    0) (   1,    1) (   1,    2) (   1,    1) (   1,    2) (   1,    2) (   1,    1) (   1,    1) (   1,    1)
          (   1,    0) (   1,    0) (   0,    1) (   1,    0) (   1,    1) (   1,    1) (   1,    3) (   1,    0) (   1,    0) (   1,    0)
          (   1,    1) (   1,    0) (   1,    1) (   1,    2) (   0,    0) (   1,    2) (   1,    1) (   1,    0) (   1,    0) (   1,    1)
          (   1,    0) (   0,    0) (   1,    3) (   1,    1) (   1,    1) (   1,    0) (   1,    0) (   1,    0) (   0,    0) (   1,    1)
          (   1,    2) (   1,    1) (   1,    0) (   1,    1) (   1,    1) (   0,    1) (   1,    0) (   1,    0) (   1,    2) (   1,    1)
          (   1,    1) (   0,    1) (   1,    1) (   1,    2) (   1,    1) (   1,    1) (   1,    0) (   1,    0) (   1,    1) (   1,    2)
          (   1,    1) (   1,    1) (   1,    1) (   1,    2) (   1,    0) (   1,    0) (   1,    1) (   0,    1) (   1,    1) (   1,    1)
          (   1,    1) (   1,    1) (   1,    1) (   1,    1) (   1,    1) (   1,    2) (   1,    2) (   1,    2) (   1,    2) (   1,    1)
          (   1,    0) (   1,    0) (   1,    0) (   1,    1) (   1,    0) (   1,    1) (   1,    1) (   1,    2) (   1,    1) (   1,    0)
          (   0,    1) (   1,    0) (   1,    2) (   1,    0) (   1,    3) (   1,    0) (   1,    2) (   1,    1) (   1,    0) (   1,    0)
          (   1,    0) (   1,    1) (   1,    0) (   1,    0) (   1,    1) (   1,    0) (   1,    2) (   1,    0) (   1,    2) (   1,    0)
          (   1,    0) (   0,    1) (   1,    0) (   1,    1) (   1,    0) (   1,    1) (   1,    2) (   1,    0) (   1,    0) (   1,    2)
          (   1,    1) (   1,    2) (   1,    1) (   1,    0) (   1,    1) (   1,    0) (   1,    2) (   1,    1) (   1,    2) (   1,    1)
          (   1,    0) (   1,    0) (   1,    1) (   0,    0) (   0,    1) (   1,    2) (   0,    2) (   1,    0) (   1,    0) (   1,    0)
          (   1,    1) (   0,    1) (   1,    0) (   1,    1) (   1,    0) (   0,    0) (   1,    0) (   1,    0) (   1,    0) (   1,    0)
          (   1,    2) (   1,    0) (   1,    0) (   1,    2) (   1,    1) (   1,    0) (   1,    1) (   1,    0) (   1,    2) (   1,    0)
          (   1,    2) (   1,    0) (   1,    4) (   1,    0) (   1,    0) (   1,    2) (   1,    0) (   1,    2) (   1,    2) (   1,    1)
          (   1,    0) (   1,    1) (   1,    1) (   1,    0) (   1,    1) (   1,    1) (   1,    0) (   1,    1) (   1,    2) (   1,    0)
          (   1,    0) (   1,    1) (   1,    1) (   1,    1) (   1,    2) (   1,    1) (   1,    1) (   1,    1) (   1,    1) (   1,    0)
          (   1,    1) (   1,    1) (   1,    2) (   1,    0) (   1,    1) (   1,    2) (   1,    0) (   1,    1) (   1,    1) (   1,    0)
          (   1,    0) (   1,    0) (   1,    1) (   1,    1) (   1,    0) (   1,    1) (   1,    0) (   1,    0) (   1,    0) (   1,    2)
          (   1,    1) (   1,    1) (   1,    1) (   1,    1) (   1,    3) (   1,    1) (   1,    1) (   1,    0) (   1,    2) (   1,    3)
          (   1,    1) (   1,    1) (   1,    0) (   1,    0) (   1,    1) (   1,    1) (   1,    1) (   1,    0) (   1,    1) (   1,    1)
          (   1,    1) (   1,    0) (   1,    0) (   1,    0) (   1,    1) (   1,    1) (   1,    0) (   1,    1) (   1,    0) (   1,    0)
          (   1,    1) (   1,    1) (   1,    1) (   1,    1) (   1,    2) (   1,    3) (   1,    1) (   1,    1) (   1,    0) (   1,    2)
          (   1,    3) (   1,    2) (   1,    0) (   1,    1) (   1,    2) (   1,    1) (   1,    2) (   1,    3) (   1,    3) (   1,    0)
          (   1,    1) (   1,    0) (   1,    1) (   1,    0) (   1,    0) (   1,    1) (   1,    0) (   1,    1) (   1,    1) (   1,    0)
          (   1,    0) (   1,    2) (   1,    0) (   1,    2) (   1,    0) (   1,    2) (   1,    2) (   1,    1) (   1,    1) (   1,    1)
          (   1,    1) (   1,    1) (   1,    1) (   1,    1) (   1,    0) (   1,    2) (   1,    2) (   1,    1) (   1,    1) (   1,    2)
          (   1,    1) (   1,    2) (   1,    1) (   1,    0) (   1,    2) (   1,    3) (   1,    0) (   1,    2) (   1,    2) (   1,    1)
          (   1,    3) (   1,    3) (   1,    1) (   1,    1) (   1,    1) (   1,    1) (   1,    2) (   1,    1) (   1,    1) (   1,    1)
          (   1,    2) (   1,    1) (   1,    2) (   1,    1) (   1,    0) (   1,    0) (   1,    0) (   1,    1) (   1,    1) (   1,    1)
          (   1,    2) (   1,    0) (   1,    0) (   1,    0) (   1,    4) (   1,    0) (   1,    1) (   1,    0) (   1,    3) (   1,    1)
          (   1,    2) (   1,    1) (   1,    1) (   1,    1) (   1,    1) (   1,    2) (   1,    0) (   1,    2) (   1,    0) (   1,    0)
          (   1,    1) (   1,    0) (   1,    1) (   1,    1) (   1,    1) (   1,    2) (   1,    0) (   1,    2) (   1,    0) (   1,    1)
         
node  10 sent_total    476  recv_total    451

